<?xml version="1.0" encoding="UTF-8"?>
<testsuite xmlns:xsi="http://www.w3.org/2001/XMLSchema-instance" xsi:noNamespaceSchemaLocation="https://maven.apache.org/surefire/maven-surefire-plugin/xsd/surefire-test-report.xsd" name="com.companyname.springapp.domain.ProductTests" time="0.082" tests="2" errors="0" skipped="0" failures="0">
  <properties>
[...]
</properties>
  <testcase name="testSetAndGetDescription" classname="com.companyname.springapp.domain.ProductTests" time="0.006"/>
  <testcase name="testSetAndGetPrice" classname="com.companyname.springapp.domain.ProductTests" time="0"/>
</testsuite>